2019-11-12 14:10:18,297 INFO o.a.j.u.JMeterUtils: Setting Locale to en_EN
2019-11-12 14:10:18,343 INFO o.a.j.JMeter: Loading user properties from: /usr/local/Cellar/jmeter/5.1.1/libexec/bin/user.properties
2019-11-12 14:10:18,344 INFO o.a.j.JMeter: Loading system properties from: /usr/local/Cellar/jmeter/5.1.1/libexec/bin/system.properties
2019-11-12 14:10:18,351 INFO o.a.j.JMeter: Copyright (c) 1998-2019 The Apache Software Foundation
2019-11-12 14:10:18,351 INFO o.a.j.JMeter: Version 5.1.1 r1855137
2019-11-12 14:10:18,351 INFO o.a.j.JMeter: java.version=12.0.1
2019-11-12 14:10:18,351 INFO o.a.j.JMeter: java.vm.name=Java HotSpot(TM) 64-Bit Server VM
2019-11-12 14:10:18,351 INFO o.a.j.JMeter: os.name=Mac OS X
2019-11-12 14:10:18,352 INFO o.a.j.JMeter: os.arch=x86_64
2019-11-12 14:10:18,352 INFO o.a.j.JMeter: os.version=10.14.4
2019-11-12 14:10:18,352 INFO o.a.j.JMeter: file.encoding=UTF-8
2019-11-12 14:10:18,352 INFO o.a.j.JMeter: java.awt.headless=null
2019-11-12 14:10:18,352 INFO o.a.j.JMeter: Max memory     =1073741824
2019-11-12 14:10:18,352 INFO o.a.j.JMeter: Available Processors =4
2019-11-12 14:10:18,364 INFO o.a.j.JMeter: Default Locale=English (EN)
2019-11-12 14:10:18,365 INFO o.a.j.JMeter: JMeter  Locale=English (EN)
2019-11-12 14:10:18,365 INFO o.a.j.JMeter: JMeterHome=/usr/local/Cellar/jmeter/5.1.1/libexec
2019-11-12 14:10:18,365 INFO o.a.j.JMeter: user.dir  =/Users/debabratabaidya/Documents/AMSJmeterScript
2019-11-12 14:10:18,365 INFO o.a.j.JMeter: PWD       =/Users/debabratabaidya/Documents/AMSJmeterScript
2019-11-12 14:10:18,372 INFO o.a.j.JMeter: IP: 10.15.2.169 Name: Debabratas-MacBook-Pro.local FullName: 10.15.2.169
2019-11-12 14:10:20,366 INFO o.a.j.g.a.LookAndFeelCommand: Installing Darcula LAF
2019-11-12 14:10:20,379 INFO o.a.j.g.a.LookAndFeelCommand: Using look and feel: com.bulenkov.darcula.DarculaLaf [Darcula]
2019-11-12 14:10:20,379 INFO o.a.j.JMeter: Setting LAF to: com.bulenkov.darcula.DarculaLaf
2019-11-12 14:10:20,534 INFO o.a.j.JMeter: Loaded icon properties from org/apache/jmeter/images/icon.properties
2019-11-12 14:10:22,354 INFO k.a.j.JMeterPluginsUtils: JMeter-Plugins.org v.1.4.0
2019-11-12 14:10:23,418 WARN o.a.j.g.u.MenuFactory: Could not instantiate class: kg.apc.jmeter.reporters.LoadosophiaUploaderGui
java.lang.reflect.InvocationTargetException: null
	at jdk.internal.reflect.NativeConstructorAccessorImpl.newInstance0(Native Method) ~[?:?]
	at jdk.internal.reflect.NativeConstructorAccessorImpl.newInstance(NativeConstructorAccessorImpl.java:62) ~[?:?]
	at jdk.internal.reflect.DelegatingConstructorAccessorImpl.newInstance(DelegatingConstructorAccessorImpl.java:45) ~[?:?]
	at java.lang.reflect.Constructor.newInstanceWithCaller(Constructor.java:500) ~[?:?]
	at java.lang.reflect.Constructor.newInstance(Constructor.java:481) ~[?:?]
	at org.apache.jmeter.gui.util.MenuFactory.getGUIComponent(MenuFactory.java:174) [ApacheJMeter_core.jar:5.1.1 r1855137]
	at org.apache.jmeter.gui.util.MenuFactory.initializeMenus(MenuFactory.java:141) [ApacheJMeter_core.jar:5.1.1 r1855137]
	at org.apache.jmeter.gui.util.MenuFactory.<clinit>(MenuFactory.java:106) [ApacheJMeter_core.jar:5.1.1 r1855137]
	at org.apache.jmeter.control.gui.TestPlanGui.createPopupMenu(TestPlanGui.java:92) [ApacheJMeter_core.jar:5.1.1 r1855137]
	at org.apache.jmeter.gui.tree.JMeterTreeNode.createPopupMenu(JMeterTreeNode.java:185) [ApacheJMeter_core.jar:5.1.1 r1855137]
	at org.apache.jmeter.gui.action.EditCommand.doAction(EditCommand.java:46) [ApacheJMeter_core.jar:5.1.1 r1855137]
	at org.apache.jmeter.gui.action.ActionRouter.performAction(ActionRouter.java:88) [ApacheJMeter_core.jar:5.1.1 r1855137]
	at org.apache.jmeter.gui.action.ActionRouter.lambda$actionPerformed$0(ActionRouter.java:70) [ApacheJMeter_core.jar:5.1.1 r1855137]
	at java.awt.event.InvocationEvent.dispatch(InvocationEvent.java:313) [?:?]
	at java.awt.EventQueue.dispatchEventImpl(EventQueue.java:770) [?:?]
	at java.awt.EventQueue$4.run(EventQueue.java:721) [?:?]
	at java.awt.EventQueue$4.run(EventQueue.java:715) [?:?]
	at java.security.AccessController.doPrivileged(AccessController.java:389) [?:?]
	at java.security.ProtectionDomain$JavaSecurityAccessImpl.doIntersectionPrivilege(ProtectionDomain.java:85) [?:?]
	at java.awt.EventQueue.dispatchEvent(EventQueue.java:740) [?:?]
	at java.awt.EventDispatchThread.pumpOneEventForFilters(EventDispatchThread.java:203) [?:?]
	at java.awt.EventDispatchThread.pumpEventsForFilter(EventDispatchThread.java:124) [?:?]
	at java.awt.EventDispatchThread.pumpEventsForHierarchy(EventDispatchThread.java:113) [?:?]
	at java.awt.EventDispatchThread.pumpEvents(EventDispatchThread.java:109) [?:?]
	at java.awt.EventDispatchThread.pumpEvents(EventDispatchThread.java:101) [?:?]
	at java.awt.EventDispatchThread.run(EventDispatchThread.java:90) [?:?]
Caused by: java.lang.NoClassDefFoundError: org/apache/commons/httpclient/methods/multipart/PartSource
	at kg.apc.jmeter.reporters.LoadosophiaUploaderGui.init(LoadosophiaUploaderGui.java:114) ~[JMeterPlugins-Standard.jar:?]
	at kg.apc.jmeter.reporters.LoadosophiaUploaderGui.<init>(LoadosophiaUploaderGui.java:28) ~[JMeterPlugins-Standard.jar:?]
	... 26 more
Caused by: java.lang.ClassNotFoundException: org.apache.commons.httpclient.methods.multipart.PartSource
	at java.net.URLClassLoader.findClass(URLClassLoader.java:436) ~[?:?]
	at java.lang.ClassLoader.loadClass(ClassLoader.java:588) ~[?:?]
	at java.lang.ClassLoader.loadClass(ClassLoader.java:521) ~[?:?]
	at kg.apc.jmeter.reporters.LoadosophiaUploaderGui.init(LoadosophiaUploaderGui.java:114) ~[JMeterPlugins-Standard.jar:?]
	at kg.apc.jmeter.reporters.LoadosophiaUploaderGui.<init>(LoadosophiaUploaderGui.java:28) ~[JMeterPlugins-Standard.jar:?]
	... 26 more
2019-11-12 14:10:24,227 INFO o.a.j.p.h.s.HTTPSamplerBase: Parser for text/html is org.apache.jmeter.protocol.http.parser.LagartoBasedHtmlParser
2019-11-12 14:10:24,228 INFO o.a.j.p.h.s.HTTPSamplerBase: Parser for application/xhtml+xml is org.apache.jmeter.protocol.http.parser.LagartoBasedHtmlParser
2019-11-12 14:10:24,228 INFO o.a.j.p.h.s.HTTPSamplerBase: Parser for application/xml is org.apache.jmeter.protocol.http.parser.LagartoBasedHtmlParser
2019-11-12 14:10:24,228 INFO o.a.j.p.h.s.HTTPSamplerBase: Parser for text/xml is org.apache.jmeter.protocol.http.parser.LagartoBasedHtmlParser
2019-11-12 14:10:24,228 INFO o.a.j.p.h.s.HTTPSamplerBase: Parser for text/vnd.wap.wml is org.apache.jmeter.protocol.http.parser.RegexpHTMLParser
2019-11-12 14:10:24,228 INFO o.a.j.p.h.s.HTTPSamplerBase: Parser for text/css is org.apache.jmeter.protocol.http.parser.CssParser
2019-11-12 14:10:24,587 INFO o.a.j.e.KeyToolUtils: keytool found at 'keytool'
2019-11-12 14:10:24,587 INFO o.a.j.p.h.p.ProxyControl: HTTP(S) Test Script Recorder SSL Proxy will use keys that support embedded 3rd party resources in file /usr/local/Cellar/jmeter/5.1.1/libexec/bin/proxyserver.jks
2019-11-12 14:10:24,734 INFO o.a.j.s.FileServer: Default base='/Users/debabratabaidya/Documents/AMSJmeterScript'
2019-11-12 14:10:25,045 INFO o.a.j.s.SampleResult: Note: Sample TimeStamps are START times
2019-11-12 14:10:25,045 INFO o.a.j.s.SampleResult: sampleresult.default.encoding is set to ISO-8859-1
2019-11-12 14:10:25,045 INFO o.a.j.s.SampleResult: sampleresult.useNanoTime=true
2019-11-12 14:10:25,045 INFO o.a.j.s.SampleResult: sampleresult.nanoThreadSleep=5000
2019-11-12 14:10:25,067 INFO o.a.j.v.ViewResultsFullVisualizer: Add JavaFX to your Java installation if you want to use renderer: org.apache.jmeter.visualizers.RenderInBrowser
2019-11-12 14:10:42,029 INFO o.a.j.g.a.Load: Loading file: /Users/debabratabaidya/Documents/AMSJmeterScript/HibbettReportExtraction.jmx
2019-11-12 14:10:42,031 INFO o.a.j.s.FileServer: Set new base='/Users/debabratabaidya/Documents/AMSJmeterScript'
2019-11-12 14:10:42,200 INFO o.a.j.s.SaveService: Testplan (JMX) version: 2.2. Testlog (JTL) version: 2.2
2019-11-12 14:10:42,237 INFO o.a.j.s.SaveService: Using SaveService properties version 5.0
2019-11-12 14:10:42,239 INFO o.a.j.s.SaveService: Using SaveService properties file encoding UTF-8
2019-11-12 14:10:42,241 INFO o.a.j.s.SaveService: Loading file: /Users/debabratabaidya/Documents/AMSJmeterScript/HibbettReportExtraction.jmx
2019-11-12 14:10:42,525 INFO o.a.j.v.ViewResultsFullVisualizer: Add JavaFX to your Java installation if you want to use renderer: org.apache.jmeter.visualizers.RenderInBrowser
2019-11-12 14:10:42,650 INFO o.a.j.s.FileServer: Set new base='/Users/debabratabaidya/Documents/AMSJmeterScript'
2019-11-12 14:11:08,871 INFO o.a.j.e.StandardJMeterEngine: Running the test!
2019-11-12 14:11:08,879 INFO o.a.j.s.SampleEvent: List of sample_variables: []
2019-11-12 14:11:08,879 INFO o.a.j.s.SampleEvent: List of sample_variables: []
2019-11-12 14:11:08,895 INFO o.a.j.e.u.CompoundVariable: Note: Function class names must contain the string: '.functions.'
2019-11-12 14:11:08,896 INFO o.a.j.e.u.CompoundVariable: Note: Function class names must not contain the string: '.gui.'
2019-11-12 14:11:09,199 INFO o.a.j.g.u.JMeterMenuBar: setRunning(true, *local*)
2019-11-12 14:11:09,317 INFO o.a.j.e.StandardJMeterEngine: Starting ThreadGroup: 1 : Thread Group
2019-11-12 14:11:09,317 INFO o.a.j.e.StandardJMeterEngine: Starting 1 threads for group Thread Group.
2019-11-12 14:11:09,317 INFO o.a.j.e.StandardJMeterEngine: Thread will continue on error
2019-11-12 14:11:09,318 INFO o.a.j.t.ThreadGroup: Starting thread group... number=1 threads=1 ramp-up=1 delayedStart=false
2019-11-12 14:11:09,332 INFO o.a.j.t.ThreadGroup: Started thread group number 1
2019-11-12 14:11:09,332 INFO o.a.j.e.StandardJMeterEngine: All thread groups have been started
2019-11-12 14:11:09,347 INFO o.a.j.t.JMeterThread: Thread started: Thread Group 1-1
2019-11-12 14:11:09,353 INFO o.a.j.s.FileServer: Stored: /Users/debabratabaidya/Desktop/AMSlogin.csv
2019-11-12 14:11:09,381 INFO o.a.j.p.h.s.HTTPHCAbstractImpl: Local host = Debabratas-MacBook-Pro.local
2019-11-12 14:11:09,388 INFO o.a.j.p.h.s.HTTPHC4Impl: HTTP request retry count = 0
2019-11-12 14:11:09,727 INFO o.a.j.p.h.s.h.LazyLayeredConnectionSocketFactory: Setting up HTTPS TrustAll Socket Factory
2019-11-12 14:11:09,734 INFO o.a.j.u.JsseSSLManager: Using default SSL protocol: TLS
2019-11-12 14:11:09,735 INFO o.a.j.u.JsseSSLManager: SSL session context: per-thread
2019-11-12 14:11:10,103 INFO o.a.j.u.SSLManager: JmeterKeyStore Location:  type JKS
2019-11-12 14:11:10,108 INFO o.a.j.u.SSLManager: KeyStore created OK
2019-11-12 14:11:10,108 WARN o.a.j.u.SSLManager: Keystore file not found, loading empty keystore
2019-11-12 14:11:11,847 INFO o.a.j.p.h.s.HTTPJavaImpl: Maximum connection retries = 0
2019-11-12 14:11:12,928 ERROR o.a.j.p.h.s.HTTPJavaImpl: readResponse: java.io.IOException: Server returned HTTP response code: 401 for URL: https://staging.ams.prolific.io/users/checkIdP
2019-11-12 14:11:12,928 ERROR o.a.j.p.h.s.HTTPJavaImpl: Cause: java.io.IOException: Server returned HTTP response code: 401 for URL: https://staging.ams.prolific.io/users/checkIdP
2019-11-12 14:11:12,929 INFO o.a.j.p.h.s.HTTPJavaImpl: Error Response Code: 401
2019-11-12 14:11:14,732 ERROR o.a.j.JMeter: Uncaught exception: 
java.lang.ClassCastException: class javax.swing.text.AbstractDocument$DefaultDocumentEventUndoableWrapper cannot be cast to class javax.swing.text.AbstractDocument$DefaultDocumentEvent (javax.swing.text.AbstractDocument$DefaultDocumentEventUndoableWrapper and javax.swing.text.AbstractDocument$DefaultDocumentEvent are in module java.desktop of loader 'bootstrap')
	at jsyntaxpane.CompoundUndoMan.undoableEditHappened(CompoundUndoMan.java:61) ~[jsyntaxpane-1.0.0.jar:1.0.0]
	at javax.swing.text.AbstractDocument.fireUndoableEditUpdate(AbstractDocument.java:293) ~[?:?]
	at javax.swing.text.AbstractDocument.handleInsertString(AbstractDocument.java:761) ~[?:?]
	at javax.swing.text.AbstractDocument.insertString(AbstractDocument.java:716) ~[?:?]
	at javax.swing.text.PlainDocument.insertString(PlainDocument.java:131) ~[?:?]
	at org.apache.jmeter.visualizers.SamplerResultTab.setTextOptimized(SamplerResultTab.java:692) ~[ApacheJMeter_components.jar:5.1.1 r1855137]
	at org.apache.jmeter.visualizers.RenderAsText.showTextResponse(RenderAsText.java:36) ~[ApacheJMeter_components.jar:5.1.1 r1855137]
	at org.apache.jmeter.visualizers.RenderAsText.renderResult(RenderAsText.java:31) ~[ApacheJMeter_components.jar:5.1.1 r1855137]
	at org.apache.jmeter.visualizers.ViewResultsFullVisualizer.valueChanged(ViewResultsFullVisualizer.java:392) ~[ApacheJMeter_components.jar:5.1.1 r1855137]
	at org.apache.jmeter.visualizers.ViewResultsFullVisualizer.valueChanged(ViewResultsFullVisualizer.java:365) ~[ApacheJMeter_components.jar:5.1.1 r1855137]
	at javax.swing.JTree.fireValueChanged(JTree.java:2967) ~[?:?]
	at javax.swing.JTree$TreeSelectionRedirector.valueChanged(JTree.java:3456) ~[?:?]
	at javax.swing.tree.DefaultTreeSelectionModel.fireValueChanged(DefaultTreeSelectionModel.java:641) ~[?:?]
	at javax.swing.tree.DefaultTreeSelectionModel.notifyPathChange(DefaultTreeSelectionModel.java:1111) ~[?:?]
	at javax.swing.tree.DefaultTreeSelectionModel.setSelectionPaths(DefaultTreeSelectionModel.java:297) ~[?:?]
	at javax.swing.tree.DefaultTreeSelectionModel.setSelectionPath(DefaultTreeSelectionModel.java:191) ~[?:?]
	at javax.swing.JTree.setSelectionPath(JTree.java:1656) ~[?:?]
	at javax.swing.plaf.basic.BasicTreeUI.selectPathForEvent(BasicTreeUI.java:2736) ~[?:?]
	at javax.swing.plaf.basic.BasicTreeUI$Handler.handleSelection(BasicTreeUI.java:4016) ~[?:?]
	at javax.swing.plaf.basic.BasicTreeUI$Handler.mousePressed(BasicTreeUI.java:3955) ~[?:?]
	at java.awt.AWTEventMulticaster.mousePressed(AWTEventMulticaster.java:287) ~[?:?]
	at java.awt.Component.processMouseEvent(Component.java:6629) ~[?:?]
	at javax.swing.JComponent.processMouseEvent(JComponent.java:3342) ~[?:?]
	at java.awt.Component.processEvent(Component.java:6397) ~[?:?]
	at java.awt.Container.processEvent(Container.java:2263) ~[?:?]
	at java.awt.Component.dispatchEventImpl(Component.java:5008) ~[?:?]
	at java.awt.Container.dispatchEventImpl(Container.java:2321) ~[?:?]
	at java.awt.Component.dispatchEvent(Component.java:4840) ~[?:?]
	at java.awt.LightweightDispatcher.retargetMouseEvent(Container.java:4918) ~[?:?]
	at java.awt.LightweightDispatcher.processMouseEvent(Container.java:4544) ~[?:?]
	at java.awt.LightweightDispatcher.dispatchEvent(Container.java:4488) ~[?:?]
	at java.awt.Container.dispatchEventImpl(Container.java:2307) ~[?:?]
	at java.awt.Window.dispatchEventImpl(Window.java:2762) ~[?:?]
	at java.awt.Component.dispatchEvent(Component.java:4840) ~[?:?]
	at java.awt.EventQueue.dispatchEventImpl(EventQueue.java:772) ~[?:?]
	at java.awt.EventQueue$4.run(EventQueue.java:721) ~[?:?]
	at java.awt.EventQueue$4.run(EventQueue.java:715) ~[?:?]
	at java.security.AccessController.doPrivileged(AccessController.java:389) ~[?:?]
	at java.security.ProtectionDomain$JavaSecurityAccessImpl.doIntersectionPrivilege(ProtectionDomain.java:85) ~[?:?]
	at java.security.ProtectionDomain$JavaSecurityAccessImpl.doIntersectionPrivilege(ProtectionDomain.java:95) ~[?:?]
	at java.awt.EventQueue$5.run(EventQueue.java:745) ~[?:?]
	at java.awt.EventQueue$5.run(EventQueue.java:743) ~[?:?]
	at java.security.AccessController.doPrivileged(AccessController.java:389) ~[?:?]
	at java.security.ProtectionDomain$JavaSecurityAccessImpl.doIntersectionPrivilege(ProtectionDomain.java:85) ~[?:?]
	at java.awt.EventQueue.dispatchEvent(EventQueue.java:742) ~[?:?]
	at java.awt.EventDispatchThread.pumpOneEventForFilters(EventDispatchThread.java:203) [?:?]
	at java.awt.EventDispatchThread.pumpEventsForFilter(EventDispatchThread.java:124) [?:?]
	at java.awt.EventDispatchThread.pumpEventsForHierarchy(EventDispatchThread.java:113) [?:?]
	at java.awt.EventDispatchThread.pumpEvents(EventDispatchThread.java:109) [?:?]
	at java.awt.EventDispatchThread.pumpEvents(EventDispatchThread.java:101) [?:?]
	at java.awt.EventDispatchThread.run(EventDispatchThread.java:90) [?:?]
2019-11-12 14:11:21,275 INFO o.a.j.t.JMeterThread: Thread is done: Thread Group 1-1
2019-11-12 14:11:21,277 INFO o.a.j.t.JMeterThread: Thread finished: Thread Group 1-1
2019-11-12 14:11:21,279 INFO o.a.j.e.StandardJMeterEngine: Notifying test listeners of end of test
2019-11-12 14:11:21,279 INFO o.a.j.s.FileServer: Close: /Users/debabratabaidya/Desktop/AMSlogin.csv
2019-11-12 14:11:21,281 INFO o.a.j.g.u.JMeterMenuBar: setRunning(false, *local*)
2019-11-12 14:18:08,820 INFO o.a.j.e.StandardJMeterEngine: Running the test!
2019-11-12 14:18:08,829 INFO o.a.j.s.SampleEvent: List of sample_variables: []
2019-11-12 14:18:08,845 INFO o.a.j.g.u.JMeterMenuBar: setRunning(true, *local*)
2019-11-12 14:18:09,038 INFO o.a.j.e.StandardJMeterEngine: Starting ThreadGroup: 1 : Thread Group
2019-11-12 14:18:09,038 INFO o.a.j.e.StandardJMeterEngine: Starting 1 threads for group Thread Group.
2019-11-12 14:18:09,039 INFO o.a.j.e.StandardJMeterEngine: Thread will continue on error
2019-11-12 14:18:09,041 INFO o.a.j.t.ThreadGroup: Starting thread group... number=1 threads=1 ramp-up=1 delayedStart=false
2019-11-12 14:18:09,049 INFO o.a.j.t.ThreadGroup: Started thread group number 1
2019-11-12 14:18:09,049 INFO o.a.j.e.StandardJMeterEngine: All thread groups have been started
2019-11-12 14:18:09,072 INFO o.a.j.t.JMeterThread: Thread started: Thread Group 1-1
2019-11-12 14:18:09,074 INFO o.a.j.s.FileServer: Stored: /Users/debabratabaidya/Documents/AMSJmeterScript/AMSlogin.csv
2019-11-12 14:18:17,128 INFO o.a.j.t.JMeterThread: Thread is done: Thread Group 1-1
2019-11-12 14:18:17,128 INFO o.a.j.t.JMeterThread: Thread finished: Thread Group 1-1
2019-11-12 14:18:17,129 INFO o.a.j.e.StandardJMeterEngine: Notifying test listeners of end of test
2019-11-12 14:18:17,129 INFO o.a.j.s.FileServer: Close: /Users/debabratabaidya/Documents/AMSJmeterScript/AMSlogin.csv
2019-11-12 14:18:17,130 INFO o.a.j.g.u.JMeterMenuBar: setRunning(false, *local*)
